{
  "RSpec": {
    "coverage": {
      "/Users/student/Documents/Projects/Week_2/oystercard/spec/journey_spec.rb": [
        1,
        null,
        1,
        null,
        3,
        3,
        null,
        1,
        null,
        1,
        1,
        null,
        null,
        null,
        null,
        1,
        null,
        1,
        1,
        1,
        null,
        null,
        1,
        1,
        null,
        null,
        1,
        1,
        1,
        null,
        null,
        null,
        null,
        1,
        null,
        1,
        1,
        1,
        1,
        null,
        null,
        null,
        null,
        1,
        null,
        1,
        1,
        1,
        null,
        null,
        null,
        1,
        null,
        1,
        1,
        1,
        null,
        null,
        null,
        null
      ],
      "/Users/student/Documents/Projects/Week_2/oystercard/lib/journey.rb": [
        1,
        null,
        1,
        1,
        null,
        1,
        null,
        null,
        null,
        null,
        null,
        1,
        4,
        4,
        null,
        null,
        1,
        5,
        2,
        2,
        null,
        null,
        1,
        10,
        null,
        null,
        1,
        8,
        null,
        null,
        null
      ],
      "/Users/student/Documents/Projects/Week_2/oystercard/spec/journeylog_spec.rb": [
        1,
        1,
        null,
        1,
        null,
        4,
        4,
        2,
        2,
        null,
        1,
        null,
        1,
        1,
        null,
        null,
        null,
        null,
        1,
        1,
        null,
        1,
        1,
        1,
        1,
        1,
        1,
        null,
        null,
        null,
        1,
        1,
        1,
        1,
        null,
        null,
        null,
        1,
        1,
        1,
        1,
        1,
        null,
        null,
        null,
        1,
        1,
        1,
        null,
        null,
        1,
        1,
        1,
        1,
        null,
        null,
        null,
        1,
        1,
        1,
        null,
        null,
        null,
        null,
        null
      ],
      "/Users/student/Documents/Projects/Week_2/oystercard/lib/journeylog.rb": [
        1,
        null,
        1,
        null,
        1,
        null,
        1,
        7,
        null,
        null,
        1,
        4,
        1,
        null,
        4,
        4,
        null,
        null,
        1,
        3,
        2,
        2,
        null,
        1,
        1,
        1,
        null,
        null,
        null,
        1,
        5,
        5,
        null,
        null,
        1,
        1,
        null,
        null,
        1,
        1,
        1,
        null,
        null,
        null
      ],
      "/Users/student/Documents/Projects/Week_2/oystercard/spec/oystercard_spec.rb": [
        null,
        null,
        1,
        null,
        1,
        4,
        3,
        11,
        11,
        11,
        null,
        1,
        1,
        1,
        null,
        null,
        null,
        null,
        1,
        1,
        1,
        null,
        null,
        1,
        1,
        null,
        null,
        1,
        1,
        null,
        null,
        1,
        4,
        null,
        null,
        1,
        2,
        null,
        null,
        null,
        1,
        null,
        1,
        1,
        1,
        1,
        1,
        1,
        1,
        4,
        null,
        null,
        1,
        2,
        null,
        null,
        null,
        1,
        null,
        1,
        1,
        1,
        1,
        1,
        1,
        1,
        1,
        4,
        null,
        null,
        1,
        1,
        1,
        1,
        4,
        null,
        null,
        null,
        null,
        null
      ],
      "/Users/student/Documents/Projects/Week_2/oystercard/lib/oystercard.rb": [
        null,
        null,
        1,
        null,
        1,
        null,
        1,
        null,
        1,
        1,
        null,
        1,
        10,
        10,
        null,
        null,
        1,
        6,
        1,
        null,
        5,
        null,
        null,
        null,
        1,
        4,
        3,
        3,
        null,
        null,
        1,
        2,
        2,
        null,
        null,
        1,
        null,
        1,
        4,
        null,
        null,
        1,
        3,
        null,
        null
      ],
      "/Users/student/Documents/Projects/Week_2/oystercard/spec/station_spec.rb": [
        null,
        null,
        1,
        1,
        3,
        null,
        1,
        1,
        null,
        null,
        1,
        1,
        null,
        null
      ],
      "/Users/student/Documents/Projects/Week_2/oystercard/lib/station.rb": [
        null,
        null,
        1,
        null,
        1,
        1,
        null,
        1,
        2,
        2,
        null,
        null,
        1,
        2,
        54,
        null,
        null,
        null,
        null
      ]
    },
    "timestamp": 1569671645
  }
}
